#
# There is insufficient memory for the Java Runtime Environment to continue.
# Native memory allocation (malloc) failed to allocate 189776 bytes. Error detail: Chunk::new
# Possible reasons:
#   The system is out of physical RAM or swap space
#   This process is running with CompressedOops enabled, and the Java Heap may be blocking the growth of the native heap
# Possible solutions:
#   Reduce memory load on the system
#   Increase physical memory or swap space
#   Check if swap backing store is full
#   Decrease Java heap size (-Xmx/-Xms)
#   Decrease number of Java threads
#   Decrease Java thread stack sizes (-Xss)
#   Set larger code cache with -XX:ReservedCodeCacheSize=
#   JVM is running with Unscaled Compressed Oops mode in which the Java heap is
#     placed in the first 4GB address space. The Java Heap base address is the
#     maximum limit for the native heap growth. Please use -XX:HeapBaseMinAddress
#     to set the Java Heap base and to place the Java Heap above 4GB virtual address.
# This output file may be truncated or incomplete.
#
#  Out of Memory Error (arena.cpp:191), pid=18072, tid=20052
#
# JRE version: OpenJDK Runtime Environment Temurin-17.0.12+7 (17.0.12+7) (build 17.0.12+7)
# Java VM: OpenJDK 64-Bit Server VM Temurin-17.0.12+7 (17.0.12+7, mixed mode, tiered, compressed oops, compressed class ptrs, parallel gc, windows-amd64)
# No core dump will be written. Minidumps are not enabled by default on client versions of Windows
#

---------------  S U M M A R Y ------------

Command Line: --add-modules=ALL-SYSTEM --add-opens=java.base/java.util=ALL-UNNAMED --add-opens=java.base/java.lang=ALL-UNNAMED --add-opens=java.base/sun.nio.fs=ALL-UNNAMED -Declipse.application=org.eclipse.jdt.ls.core.id1 -Dosgi.bundles.defaultStartLevel=4 -Declipse.product=org.eclipse.jdt.ls.core.product -Djava.import.generatesMetadataFilesAtProjectRoot=false -DDetectVMInstallationsJob.disabled=true -Dfile.encoding=utf8 -XX:+UseParallelGC -XX:GCTimeRatio=4 -XX:AdaptiveSizePolicyWeight=90 -Dsun.zip.disableMemoryMapping=true -Xmx1G -Xms100m -Xlog:disable -javaagent:c:\Users\lasyr\.cursor\extensions\redhat.java-1.35.1-win32-x64\lombok\lombok-1.18.33.jar -XX:+HeapDumpOnOutOfMemoryError -XX:HeapDumpPath=c:\Users\lasyr\AppData\Roaming\Cursor\User\workspaceStorage\857a707668278d7788bbc614e6f4f661\redhat.java -Daether.dependencyCollector.impl=bf c:\Users\lasyr\.cursor\extensions\redhat.java-1.35.1-win32-x64\server\plugins\org.eclipse.equinox.launcher_1.6.900.v20240613-2009.jar -configuration c:\Users\lasyr\AppData\Roaming\Cursor\User\globalStorage\redhat.java\1.35.1\config_win -data c:\Users\lasyr\AppData\Roaming\Cursor\User\workspaceStorage\857a707668278d7788bbc614e6f4f661\redhat.java\jdt_ws --pipe=\\.\pipe\lsp-046da44036c262e4c4968c787ea02bf1-sock

Host: Intel(R) Core(TM) i7-9750H CPU @ 2.60GHz, 12 cores, 15G,  Windows 11 , 64 bit Build 22621 (10.0.22621.3958)
Time: Thu Oct  3 14:51:09 2024 South Africa Standard Time elapsed time: 37.695261 seconds (0d 0h 0m 37s)

---------------  T H R E A D  ---------------

Current thread (0x000001ce04f9d790):  JavaThread "C2 CompilerThread0" daemon [_thread_in_native, id=20052, stack(0x000000aea9e00000,0x000000aea9f00000)]


Current CompileTask:
C2:  37695 1889 %     4       java.util.Properties$LineReader::readLine @ 293 (584 bytes)

Stack: [0x000000aea9e00000,0x000000aea9f00000]
Native frames: (J=compiled Java code, j=interpreted, Vv=VM code, C=native code)
V  [jvm.dll+0x67f929]
V  [jvm.dll+0x8371ba]
V  [jvm.dll+0x838c7e]
V  [jvm.dll+0x8392e3]
V  [jvm.dll+0x24834f]
V  [jvm.dll+0xac9d4]
V  [jvm.dll+0xad01c]
V  [jvm.dll+0x2af96f]
V  [jvm.dll+0x5868d7]
V  [jvm.dll+0x2231c2]
V  [jvm.dll+0x2235bf]
V  [jvm.dll+0x21c6e0]
V  [jvm.dll+0x219be1]
V  [jvm.dll+0x1a58bd]
V  [jvm.dll+0x229a2d]
V  [jvm.dll+0x227bdc]
V  [jvm.dll+0x7ec1f7]
V  [jvm.dll+0x7e65dc]
V  [jvm.dll+0x67e7f7]
C  [ucrtbase.dll+0x29333]
C  [KERNEL32.DLL+0x1257d]
C  [ntdll.dll+0x5af08]


---------------  P R O C E S S  ---------------

Threads class SMR info:
_java_thread_list=0x000001ce05225290, length=15, elements={
0x000001ce6a031540, 0x000001ce7fe04010, 0x000001ce6a0da700, 0x000001ce04f91430,
0x000001ce04f91f60, 0x000001ce04f92cf0, 0x000001ce04f95170, 0x000001ce04f9d790,
0x000001ce04fa1650, 0x000001ce04fa3b80, 0x000001ce050a08e0, 0x000001ce052eaf50,
0x000001ce06b644b0, 0x000001ce06b9fc60, 0x000001ce07047eb0
}

Java Threads: ( => current thread )
  0x000001ce6a031540 JavaThread "main" [_thread_blocked, id=17444, stack(0x000000aea9500000,0x000000aea9600000)]
  0x000001ce7fe04010 JavaThread "Reference Handler" daemon [_thread_blocked, id=5636, stack(0x000000aea9800000,0x000000aea9900000)]
  0x000001ce6a0da700 JavaThread "Finalizer" daemon [_thread_blocked, id=19700, stack(0x000000aea9900000,0x000000aea9a00000)]
  0x000001ce04f91430 JavaThread "Signal Dispatcher" daemon [_thread_blocked, id=12048, stack(0x000000aea9a00000,0x000000aea9b00000)]
  0x000001ce04f91f60 JavaThread "Attach Listener" daemon [_thread_blocked, id=1256, stack(0x000000aea9b00000,0x000000aea9c00000)]
  0x000001ce04f92cf0 JavaThread "Service Thread" daemon [_thread_blocked, id=2372, stack(0x000000aea9c00000,0x000000aea9d00000)]
  0x000001ce04f95170 JavaThread "Monitor Deflation Thread" daemon [_thread_blocked, id=6724, stack(0x000000aea9d00000,0x000000aea9e00000)]
=>0x000001ce04f9d790 JavaThread "C2 CompilerThread0" daemon [_thread_in_native, id=20052, stack(0x000000aea9e00000,0x000000aea9f00000)]
  0x000001ce04fa1650 JavaThread "C1 CompilerThread0" daemon [_thread_blocked, id=7364, stack(0x000000aea9f00000,0x000000aeaa000000)]
  0x000001ce04fa3b80 JavaThread "Sweeper thread" daemon [_thread_blocked, id=17744, stack(0x000000aeaa000000,0x000000aeaa100000)]
  0x000001ce050a08e0 JavaThread "Common-Cleaner" daemon [_thread_blocked, id=19864, stack(0x000000aeaa100000,0x000000aeaa200000)]
  0x000001ce052eaf50 JavaThread "Notification Thread" daemon [_thread_blocked, id=17620, stack(0x000000aeaa200000,0x000000aeaa300000)]
  0x000001ce06b644b0 JavaThread "Active Thread: Equinox Container: e2d2f69d-c615-4051-9619-f27663ad0df1" [_thread_blocked, id=15416, stack(0x000000aeaaa00000,0x000000aeaab00000)]
  0x000001ce06b9fc60 JavaThread "Framework Event Dispatcher: Equinox Container: e2d2f69d-c615-4051-9619-f27663ad0df1" daemon [_thread_blocked, id=11900, stack(0x000000aeaad00000,0x000000aeaae00000)]
  0x000001ce07047eb0 JavaThread "Start Level: Equinox Container: e2d2f69d-c615-4051-9619-f27663ad0df1" daemon [_thread_in_native, id=14548, stack(0x000000aeaae00000,0x000000aeaaf00000)]

Other Threads:
  0x000001ce6a0b6ab0 VMThread "VM Thread" [stack: 0x000000aea9700000,0x000000aea9800000] [id=9728]
  0x000001ce052eb430 WatcherThread [stack: 0x000000aeaa300000,0x000000aeaa400000] [id=19152]
  0x000001ce6a045ef0 GCTaskThread "GC Thread#0" [stack: 0x000000aea9600000,0x000000aea9700000] [id=10880]
  0x000001ce06bd17a0 GCTaskThread "GC Thread#1" [stack: 0x000000aeaa400000,0x000000aeaa500000] [id=3864]
  0x000001ce06903240 GCTaskThread "GC Thread#2" [stack: 0x000000aeaa500000,0x000000aeaa600000] [id=19712]
  0x000001ce06903500 GCTaskThread "GC Thread#3" [stack: 0x000000aeaa600000,0x000000aeaa700000] [id=17400]
  0x000001ce069037c0 GCTaskThread "GC Thread#4" [stack: 0x000000aeaa700000,0x000000aeaa800000] [id=8540]
  0x000001ce06903a80 GCTaskThread "GC Thread#5" [stack: 0x000000aeaa800000,0x000000aeaa900000] [id=18280]
  0x000001ce06c78020 GCTaskThread "GC Thread#6" [stack: 0x000000aeaa900000,0x000000aeaaa00000] [id=8524]
  0x000001ce69d95570 GCTaskThread "GC Thread#7" [stack: 0x000000aeaab00000,0x000000aeaac00000] [id=4968]

Threads with active compile tasks:
C2 CompilerThread0    39611 1889 %     4       java.util.Properties$LineReader::readLine @ 293 (584 bytes)

VM state: not at safepoint (normal execution)

VM Mutex/Monitor currently owned by a thread: None

Heap address: 0x00000000c0000000, size: 1024 MB, Compressed Oops mode: 32-bit

CDS archive(s) not mapped
Compressed class space mapped at: 0x0000000100000000-0x0000000140000000, reserved size: 1073741824
Narrow klass base: 0x0000000000000000, Narrow klass shift: 3, Narrow klass range: 0x140000000

GC Precious Log:
 CPUs: 12 total, 12 available
 Memory: 16190M
 Large Page Support: Disabled
 NUMA Support: Disabled
 Compressed Oops: Enabled (32-bit)
 Alignments: Space 512K, Generation 512K, Heap 2M
 Heap Min Capacity: 100M
 Heap Initial Capacity: 100M
 Heap Max Capacity: 1G
 Pre-touch: Disabled
 Parallel Workers: 10

Heap:
 PSYoungGen      total 29696K, used 18950K [0x00000000eab00000, 0x00000000ecc00000, 0x0000000100000000)
  eden space 25600K, 58% used [0x00000000eab00000,0x00000000eb988858,0x00000000ec400000)
  from space 4096K, 99% used [0x00000000ec800000,0x00000000ecbf9228,0x00000000ecc00000)
  to   space 4096K, 0% used [0x00000000ec400000,0x00000000ec400000,0x00000000ec800000)
 ParOldGen       total 68608K, used 1605K [0x00000000c0000000, 0x00000000c4300000, 0x00000000eab00000)
  object space 68608K, 2% used [0x00000000c0000000,0x00000000c0191618,0x00000000c4300000)
 Metaspace       used 15829K, committed 16064K, reserved 1114112K
  class space    used 1596K, committed 1664K, reserved 1048576K

Card table byte_map: [0x000001ce7d680000,0x000001ce7d890000] _byte_map_base: 0x000001ce7d080000

Marking Bits: (ParMarkBitMap*) 0x00007ffde2d958b0
 Begin Bits: [0x000001ce7d9f0000, 0x000001ce7e9f0000)
 End Bits:   [0x000001ce7e9f0000, 0x000001ce7f9f0000)

Polling page: 0x000001ce6e470000

Metaspace:

Usage:
  Non-class:     13.90 MB used.
      Class:      1.56 MB used.
       Both:     15.46 MB used.

Virtual space:
  Non-class space:       64.00 MB reserved,      14.06 MB ( 22%) committed,  1 nodes.
      Class space:        1.00 GB reserved,       1.62 MB ( <1%) committed,  1 nodes.
             Both:        1.06 GB reserved,      15.69 MB (  1%) committed. 

Chunk freelists:
   Non-Class:  1.97 MB
       Class:  14.38 MB
        Both:  16.35 MB

MaxMetaspaceSize: unlimited
CompressedClassSpaceSize: 1.00 GB
Initial GC threshold: 21.00 MB
Current GC threshold: 21.00 MB
CDS: off
MetaspaceReclaimPolicy: balanced
 - commit_granule_bytes: 65536.
 - commit_granule_words: 8192.
 - virtual_space_node_default_size: 8388608.
 - enlarge_chunks_in_place: 1.
 - new_chunks_are_fully_committed: 0.
 - uncommit_free_chunks: 1.
 - use_allocation_guard: 0.
 - handle_deallocations: 1.


Internal statistics:

num_allocs_failed_limit: 0.
num_arena_births: 102.
num_arena_deaths: 0.
num_vsnodes_births: 2.
num_vsnodes_deaths: 0.
num_space_committed: 251.
num_space_uncommitted: 0.
num_chunks_returned_to_freelist: 0.
num_chunks_taken_from_freelist: 318.
num_chunk_merges: 0.
num_chunk_splits: 198.
num_chunks_enlarged: 148.
num_inconsistent_stats: 0.

CodeHeap 'non-profiled nmethods': size=120000Kb used=833Kb max_used=833Kb free=119167Kb
 bounds [0x000001ce75f60000, 0x000001ce761d0000, 0x000001ce7d490000]
CodeHeap 'profiled nmethods': size=120000Kb used=3393Kb max_used=3393Kb free=116606Kb
 bounds [0x000001ce6e490000, 0x000001ce6e7f0000, 0x000001ce759c0000]
CodeHeap 'non-nmethods': size=5760Kb used=1169Kb max_used=1197Kb free=4591Kb
 bounds [0x000001ce759c0000, 0x000001ce75c30000, 0x000001ce75f60000]
 total_blobs=2356 nmethods=1896 adapters=374
 compilation: enabled
              stopped_count=0, restarted_count=0
 full_count=0

Compilation events (20 events):
Event: 36.818 Thread 0x000001ce04f9d790 nmethod 1879 0x000001ce7602f210 code [0x000001ce7602f380, 0x000001ce7602f418]
Event: 36.819 Thread 0x000001ce04fa1650 1880       3       java.util.stream.AbstractSpinedBuffer::count (31 bytes)
Event: 36.819 Thread 0x000001ce04fa1650 nmethod 1880 0x000001ce6e7db390 code [0x000001ce6e7db540, 0x000001ce6e7db6f8]
Event: 36.819 Thread 0x000001ce04fa1650 1882       3       java.nio.Buffer::limit (65 bytes)
Event: 36.819 Thread 0x000001ce04fa1650 nmethod 1882 0x000001ce6e7db810 code [0x000001ce6e7db9c0, 0x000001ce6e7dbc88]
Event: 36.819 Thread 0x000001ce04fa1650 1881       1       org.eclipse.osgi.internal.loader.classpath.ClasspathManager::getFragmentClasspaths (5 bytes)
Event: 36.819 Thread 0x000001ce04fa1650 nmethod 1881 0x000001ce7602f510 code [0x000001ce7602f6a0, 0x000001ce7602f778]
Event: 36.819 Thread 0x000001ce04fa1650 1883       3       sun.nio.fs.WindowsFileAttributes::lastModifiedTime (8 bytes)
Event: 36.819 Thread 0x000001ce04fa1650 nmethod 1883 0x000001ce6e7dbd90 code [0x000001ce6e7dbf20, 0x000001ce6e7dc068]
Event: 36.819 Thread 0x000001ce04fa1650 1884   !   3       sun.nio.fs.WindowsFileAttributes::toFileTime (47 bytes)
Event: 36.819 Thread 0x000001ce04fa1650 nmethod 1884 0x000001ce6e7dc110 code [0x000001ce6e7dc300, 0x000001ce6e7dc5a8]
Event: 36.819 Thread 0x000001ce04f9d790 1886       4       java.util.ArrayList::elementData (7 bytes)
Event: 36.819 Thread 0x000001ce04fa1650 1885       1       org.eclipse.osgi.internal.hookregistry.ClassLoaderHook::createClassLoader (2 bytes)
Event: 36.819 Thread 0x000001ce04fa1650 nmethod 1885 0x000001ce7602f810 code [0x000001ce7602f9a0, 0x000001ce7602fa78]
Event: 36.820 Thread 0x000001ce04fa1650 1887       3       java.util.HashMap$EntrySet::<init> (10 bytes)
Event: 36.820 Thread 0x000001ce04fa1650 nmethod 1887 0x000001ce6e7dc710 code [0x000001ce6e7dc8c0, 0x000001ce6e7dcaf8]
Event: 36.820 Thread 0x000001ce04f9d790 nmethod 1886 0x000001ce7602fb10 code [0x000001ce7602fc80, 0x000001ce7602fd38]
Event: 37.063 Thread 0x000001ce04fa1650 1888       3       java.nio.Buffer::hasRemaining (17 bytes)
Event: 37.063 Thread 0x000001ce04f9d790 1889 %     4       java.util.Properties$LineReader::readLine @ 293 (584 bytes)
Event: 37.064 Thread 0x000001ce04fa1650 nmethod 1888 0x000001ce6e7dcc10 code [0x000001ce6e7dcda0, 0x000001ce6e7dcf18]

GC Heap History (4 events):
Event: 4.160 GC heap before
{Heap before GC invocations=1 (full 0):
 PSYoungGen      total 29696K, used 25600K [0x00000000eab00000, 0x00000000ecc00000, 0x0000000100000000)
  eden space 25600K, 100% used [0x00000000eab00000,0x00000000ec400000,0x00000000ec400000)
  from space 4096K, 0% used [0x00000000ec800000,0x00000000ec800000,0x00000000ecc00000)
  to   space 4096K, 0% used [0x00000000ec400000,0x00000000ec400000,0x00000000ec800000)
 ParOldGen       total 68608K, used 0K [0x00000000c0000000, 0x00000000c4300000, 0x00000000eab00000)
  object space 68608K, 0% used [0x00000000c0000000,0x00000000c0000000,0x00000000c4300000)
 Metaspace       used 10927K, committed 11072K, reserved 1114112K
  class space    used 1086K, committed 1152K, reserved 1048576K
}
Event: 4.166 GC heap after
{Heap after GC invocations=1 (full 0):
 PSYoungGen      total 29696K, used 3165K [0x00000000eab00000, 0x00000000ecc00000, 0x0000000100000000)
  eden space 25600K, 0% used [0x00000000eab00000,0x00000000eab00000,0x00000000ec400000)
  from space 4096K, 77% used [0x00000000ec400000,0x00000000ec7177a8,0x00000000ec800000)
  to   space 4096K, 0% used [0x00000000ec800000,0x00000000ec800000,0x00000000ecc00000)
 ParOldGen       total 68608K, used 16K [0x00000000c0000000, 0x00000000c4300000, 0x00000000eab00000)
  object space 68608K, 0% used [0x00000000c0000000,0x00000000c0004000,0x00000000c4300000)
 Metaspace       used 10927K, committed 11072K, reserved 1114112K
  class space    used 1086K, committed 1152K, reserved 1048576K
}
Event: 12.324 GC heap before
{Heap before GC invocations=2 (full 0):
 PSYoungGen      total 29696K, used 28765K [0x00000000eab00000, 0x00000000ecc00000, 0x0000000100000000)
  eden space 25600K, 100% used [0x00000000eab00000,0x00000000ec400000,0x00000000ec400000)
  from space 4096K, 77% used [0x00000000ec400000,0x00000000ec7177a8,0x00000000ec800000)
  to   space 4096K, 0% used [0x00000000ec800000,0x00000000ec800000,0x00000000ecc00000)
 ParOldGen       total 68608K, used 16K [0x00000000c0000000, 0x00000000c4300000, 0x00000000eab00000)
  object space 68608K, 0% used [0x00000000c0000000,0x00000000c0004000,0x00000000c4300000)
 Metaspace       used 14590K, committed 14784K, reserved 1114112K
  class space    used 1457K, committed 1536K, reserved 1048576K
}
Event: 12.328 GC heap after
{Heap after GC invocations=2 (full 0):
 PSYoungGen      total 29696K, used 4068K [0x00000000eab00000, 0x00000000ecc00000, 0x0000000100000000)
  eden space 25600K, 0% used [0x00000000eab00000,0x00000000eab00000,0x00000000ec400000)
  from space 4096K, 99% used [0x00000000ec800000,0x00000000ecbf9228,0x00000000ecc00000)
  to   space 4096K, 0% used [0x00000000ec400000,0x00000000ec400000,0x00000000ec800000)
 ParOldGen       total 68608K, used 1605K [0x00000000c0000000, 0x00000000c4300000, 0x00000000eab00000)
  object space 68608K, 2% used [0x00000000c0000000,0x00000000c0191618,0x00000000c4300000)
 Metaspace       used 14590K, committed 14784K, reserved 1114112K
  class space    used 1457K, committed 1536K, reserved 1048576K
}

Dll operation events (9 events):
Event: 0.040 Loaded shared library c:\Users\lasyr\.cursor\extensions\redhat.java-1.35.1-win32-x64\jre\17.0.12-win32-x86_64\bin\java.dll
Event: 0.370 Loaded shared library c:\Users\lasyr\.cursor\extensions\redhat.java-1.35.1-win32-x64\jre\17.0.12-win32-x86_64\bin\zip.dll
Event: 0.373 Loaded shared library C:\Users\lasyr\.cursor\extensions\redhat.java-1.35.1-win32-x64\jre\17.0.12-win32-x86_64\bin\instrument.dll
Event: 0.383 Loaded shared library C:\Users\lasyr\.cursor\extensions\redhat.java-1.35.1-win32-x64\jre\17.0.12-win32-x86_64\bin\net.dll
Event: 0.384 Loaded shared library C:\Users\lasyr\.cursor\extensions\redhat.java-1.35.1-win32-x64\jre\17.0.12-win32-x86_64\bin\nio.dll
Event: 0.389 Loaded shared library C:\Users\lasyr\.cursor\extensions\redhat.java-1.35.1-win32-x64\jre\17.0.12-win32-x86_64\bin\zip.dll
Event: 0.518 Loaded shared library C:\Users\lasyr\.cursor\extensions\redhat.java-1.35.1-win32-x64\jre\17.0.12-win32-x86_64\bin\jimage.dll
Event: 0.573 Loaded shared library c:\Users\lasyr\.cursor\extensions\redhat.java-1.35.1-win32-x64\jre\17.0.12-win32-x86_64\bin\verify.dll
Event: 10.342 Loaded shared library C:\Users\lasyr\AppData\Roaming\Cursor\User\globalStorage\redhat.java\1.35.1\config_win\org.eclipse.equinox.launcher\org.eclipse.equinox.launcher.win32.win32.x86_64_1.2.1100.v20240722-2106\eclipse_11904.dll

Deoptimization events (20 events):
Event: 15.605 Thread 0x000001ce07047eb0 DEOPT PACKING pc=0x000001ce75fc801c sp=0x000000aeaaefdd20
Event: 15.605 Thread 0x000001ce07047eb0 DEOPT UNPACKING pc=0x000001ce75a166a3 sp=0x000000aeaaefdcd8 mode 2
Event: 15.605 Thread 0x000001ce07047eb0 Uncommon trap: trap_request=0xffffffde fr.pc=0x000001ce75fc801c relative=0x00000000000004bc
Event: 15.605 Thread 0x000001ce07047eb0 Uncommon trap: reason=class_check action=maybe_recompile pc=0x000001ce75fc801c method=java.io.DataInputStream.readInt()I @ 6 c2
Event: 15.605 Thread 0x000001ce07047eb0 DEOPT PACKING pc=0x000001ce75fc801c sp=0x000000aeaaefdda0
Event: 15.605 Thread 0x000001ce07047eb0 DEOPT UNPACKING pc=0x000001ce75a166a3 sp=0x000000aeaaefdd58 mode 2
Event: 15.605 Thread 0x000001ce07047eb0 Uncommon trap: trap_request=0xffffffde fr.pc=0x000001ce75fc801c relative=0x00000000000004bc
Event: 15.605 Thread 0x000001ce07047eb0 Uncommon trap: reason=class_check action=maybe_recompile pc=0x000001ce75fc801c method=java.io.DataInputStream.readInt()I @ 6 c2
Event: 15.605 Thread 0x000001ce07047eb0 DEOPT PACKING pc=0x000001ce75fc801c sp=0x000000aeaaefdd20
Event: 15.605 Thread 0x000001ce07047eb0 DEOPT UNPACKING pc=0x000001ce75a166a3 sp=0x000000aeaaefdcd8 mode 2
Event: 18.090 Thread 0x000001ce07047eb0 Uncommon trap: trap_request=0xffffff45 fr.pc=0x000001ce75f8b848 relative=0x0000000000000048
Event: 18.090 Thread 0x000001ce07047eb0 Uncommon trap: reason=unstable_if action=reinterpret pc=0x000001ce75f8b848 method=java.lang.CharacterData.of(I)Ljava/lang/CharacterData; @ 4 c2
Event: 18.090 Thread 0x000001ce07047eb0 DEOPT PACKING pc=0x000001ce75f8b848 sp=0x000000aeaaefd4a0
Event: 18.090 Thread 0x000001ce07047eb0 DEOPT UNPACKING pc=0x000001ce75a166a3 sp=0x000000aeaaefd438 mode 2
Event: 19.099 Thread 0x000001ce07047eb0 Uncommon trap: trap_request=0xffffff45 fr.pc=0x000001ce760086dc relative=0x0000000000000bbc
Event: 19.099 Thread 0x000001ce07047eb0 Uncommon trap: reason=unstable_if action=reinterpret pc=0x000001ce760086dc method=java.util.concurrent.ConcurrentHashMap.putVal(Ljava/lang/Object;Ljava/lang/Object;Z)Ljava/lang/Object; @ 148 c2
Event: 19.099 Thread 0x000001ce07047eb0 DEOPT PACKING pc=0x000001ce760086dc sp=0x000000aeaaefe530
Event: 19.099 Thread 0x000001ce07047eb0 DEOPT UNPACKING pc=0x000001ce75a166a3 sp=0x000000aeaaefe4b0 mode 2
Event: 30.811 Thread 0x000001ce07047eb0 DEOPT PACKING pc=0x000001ce6e7a08c0 sp=0x000000aeaaefdfc0
Event: 30.811 Thread 0x000001ce07047eb0 DEOPT UNPACKING pc=0x000001ce75a16e43 sp=0x000000aeaaefd4a0 mode 0

Classes loaded (20 events):
Event: 18.088 Loading class java/util/stream/FindOps$FindSink$OfInt
Event: 18.088 Loading class java/util/stream/Sink$OfInt
Event: 18.088 Loading class java/util/function/IntConsumer
Event: 18.088 Loading class java/util/function/IntConsumer done
Event: 18.088 Loading class java/util/stream/Sink$OfInt done
Event: 18.088 Loading class java/util/stream/FindOps$FindSink$OfInt done
Event: 18.088 Loading class java/util/OptionalInt
Event: 18.089 Loading class java/util/OptionalInt done
Event: 18.089 Loading class java/util/stream/IntPipeline$10$1
Event: 18.089 Loading class java/util/stream/Sink$ChainedInt
Event: 18.089 Loading class java/util/stream/Sink$ChainedInt done
Event: 18.089 Loading class java/util/stream/IntPipeline$10$1 done
Event: 18.089 Loading class java/lang/StringUTF16$CharsSpliterator
Event: 18.090 Loading class java/lang/StringUTF16$CharsSpliterator done
Event: 18.090 Loading class java/lang/CharacterData00
Event: 18.090 Loading class java/lang/CharacterData00 done
Event: 18.091 Loading class java/time/LocalTime$1
Event: 18.091 Loading class java/time/LocalTime$1 done
Event: 18.091 Loading class java/util/Formattable
Event: 18.092 Loading class java/util/Formattable done

Classes unloaded (0 events):
No events

Classes redefined (0 events):
No events

Internal exceptions (20 events):
Event: 3.975 Thread 0x000001ce6a031540 Exception <a 'java/lang/ClassNotFoundException'{0x00000000ec10ae00}: sun/net/www/protocol/c/Handler> (0x00000000ec10ae00) 
thrown [s\src\hotspot\share\classfile\systemDictionary.cpp, line 256]
Event: 3.975 Thread 0x000001ce6a031540 Exception <a 'java/lang/ClassNotFoundException'{0x00000000ec10bfc8}: sun/net/www/protocol/c/Handler> (0x00000000ec10bfc8) 
thrown [s\src\hotspot\share\classfile\systemDictionary.cpp, line 256]
Event: 3.982 Thread 0x000001ce6a031540 Exception <a 'java/io/FileNotFoundException'{0x00000000ec134958}> (0x00000000ec134958) 
thrown [s\src\hotspot\share\prims\jni.cpp, line 516]
Event: 4.048 Thread 0x000001ce6a031540 Implicit null exception at 0x000001ce75facb80 to 0x000001ce75fad55c
Event: 4.048 Thread 0x000001ce6a031540 Implicit null exception at 0x000001ce75fa5c0e to 0x000001ce75fa5e7c
Event: 4.048 Thread 0x000001ce6a031540 Implicit null exception at 0x000001ce75fa7b0e to 0x000001ce75fa7d64
Event: 4.048 Thread 0x000001ce6a031540 Implicit null exception at 0x000001ce75fa260f to 0x000001ce75fa2689
Event: 4.169 Thread 0x000001ce6a031540 Exception <a 'java/lang/NoSuchMethodError'{0x00000000eab15dd0}: 'int java.lang.invoke.DirectMethodHandle$Holder.invokeStaticInit(java.lang.Object, java.lang.Object, java.lang.Object, java.lang.Object)'> (0x00000000eab15dd0) 
thrown [s\src\hotspot\share\interpreter\linkResolver.cpp, line 759]
Event: 4.170 Thread 0x000001ce6a031540 Exception <a 'java/lang/NoSuchMethodError'{0x00000000eab20538}: 'java.lang.Object java.lang.invoke.DirectMethodHandle$Holder.invokeInterface(java.lang.Object, java.lang.Object)'> (0x00000000eab20538) 
thrown [s\src\hotspot\share\interpreter\linkResolver.cpp, line 759]
Event: 4.171 Thread 0x000001ce6a031540 Exception <a 'java/lang/IncompatibleClassChangeError'{0x00000000eab23d30}: Found class java.lang.Object, but interface was expected> (0x00000000eab23d30) 
thrown [s\src\hotspot\share\interpreter\linkResolver.cpp, line 826]
Event: 4.171 Thread 0x000001ce6a031540 Exception <a 'java/lang/NoSuchMethodError'{0x00000000eab28210}: 'void java.lang.invoke.DirectMethodHandle$Holder.invokeStatic(java.lang.Object, java.lang.Object)'> (0x00000000eab28210) 
thrown [s\src\hotspot\share\interpreter\linkResolver.cpp, line 759]
Event: 4.172 Thread 0x000001ce6a031540 Exception <a 'java/lang/NoSuchMethodError'{0x00000000eab2ba10}: 'void java.lang.invoke.DirectMethodHandle$Holder.invokeStaticInit(java.lang.Object, java.lang.Object)'> (0x00000000eab2ba10) 
thrown [s\src\hotspot\share\interpreter\linkResolver.cpp, line 759]
Event: 4.172 Thread 0x000001ce6a031540 Exception <a 'java/lang/NoSuchMethodError'{0x00000000eab34230}: 'int java.lang.invoke.DirectMethodHandle$Holder.invokeStaticInit(java.lang.Object, java.lang.Object)'> (0x00000000eab34230) 
thrown [s\src\hotspot\share\interpreter\linkResolver.cpp, line 759]
Event: 4.902 Thread 0x000001ce6a031540 Exception <a 'java/lang/NoSuchMethodError'{0x00000000eacc0860}: 'void java.lang.invoke.DirectMethodHandle$Holder.invokeSpecial(java.lang.Object, java.lang.Object, java.lang.Object)'> (0x00000000eacc0860) 
thrown [s\src\hotspot\share\interpreter\linkResolver.cpp, line 759]
Event: 8.946 Thread 0x000001ce6a031540 Exception <a 'java/lang/NoSuchMethodError'{0x00000000ebab3d90}: 'java.lang.Object java.lang.invoke.DirectMethodHandle$Holder.newInvokeSpecial(java.lang.Object, int, java.lang.Object)'> (0x00000000ebab3d90) 
thrown [s\src\hotspot\share\interpreter\linkResolver.cpp, line 759]
Event: 9.570 Thread 0x000001ce6a031540 Exception <a 'java/lang/UnsatisfiedLinkError'{0x00000000ec0a7fe8}: 'void org.eclipse.equinox.launcher.JNIBridge._update_splash()'> (0x00000000ec0a7fe8) 
thrown [s\src\hotspot\share\prims\nativeLookup.cpp, line 543]
Event: 12.330 Thread 0x000001ce07047eb0 Exception <a 'java/lang/NoSuchMethodError'{0x00000000eab0c180}: 'java.lang.Object java.lang.invoke.DirectMethodHandle$Holder.invokeStaticInit(java.lang.Object)'> (0x00000000eab0c180) 
thrown [s\src\hotspot\share\interpreter\linkResolver.cpp, line 759]
Event: 12.841 Thread 0x000001ce07047eb0 Exception <a 'java/lang/NoSuchMethodError'{0x00000000eac76850}: 'java.lang.Object java.lang.invoke.DirectMethodHandle$Holder.newInvokeSpecial(java.lang.Object, java.lang.Object, int, java.lang.Object)'> (0x00000000eac76850) 
thrown [s\src\hotspot\share\interpreter\linkResolver.cpp, line 759]
Event: 12.841 Thread 0x000001ce07047eb0 Exception <a 'java/lang/NoSuchMethodError'{0x00000000eac7ab38}: 'java.lang.Object java.lang.invoke.DirectMethodHandle$Holder.invokeSpecial(java.lang.Object, java.lang.Object, java.lang.Object, int, java.lang.Object)'> (0x00000000eac7ab38) 
thrown [s\src\hotspot\share\interpreter\linkResolver.cpp, line 759]
Event: 16.372 Thread 0x000001ce07047eb0 Exception <a 'java/lang/ClassNotFoundException'{0x00000000eaeaa3a8}: sun/util/logging/resources/spi/loggingProvider> (0x00000000eaeaa3a8) 
thrown [s\src\hotspot\share\classfile\systemDictionary.cpp, line 256]

VM Operations (20 events):
Event: 19.099 Executing VM operation: HandshakeAllThreads
Event: 19.099 Executing VM operation: HandshakeAllThreads done
Event: 20.110 Executing VM operation: Cleanup
Event: 20.110 Executing VM operation: Cleanup done
Event: 21.122 Executing VM operation: Cleanup
Event: 21.122 Executing VM operation: Cleanup done
Event: 23.136 Executing VM operation: Cleanup
Event: 23.136 Executing VM operation: Cleanup done
Event: 31.228 Executing VM operation: Cleanup
Event: 31.228 Executing VM operation: Cleanup done
Event: 32.241 Executing VM operation: Cleanup
Event: 32.241 Executing VM operation: Cleanup done
Event: 33.249 Executing VM operation: Cleanup
Event: 33.249 Executing VM operation: Cleanup done
Event: 34.260 Executing VM operation: Cleanup
Event: 34.260 Executing VM operation: Cleanup done
Event: 36.282 Executing VM operation: Cleanup
Event: 36.282 Executing VM operation: Cleanup done
Event: 37.295 Executing VM operation: Cleanup
Event: 37.295 Executing VM operation: Cleanup done

Events (20 events):
Event: 2.410 Thread 0x000001ce052ee250 Thread exited: 0x000001ce052ee250
Event: 3.072 Thread 0x000001ce070f5420 Thread added: 0x000001ce070f5420
Event: 3.330 Thread 0x000001ce070f5420 Thread exited: 0x000001ce070f5420
Event: 3.842 Thread 0x000001ce06bd1540 Thread added: 0x000001ce06bd1540
Event: 3.997 Thread 0x000001ce06bd1540 Thread exited: 0x000001ce06bd1540
Event: 5.389 Thread 0x000001ce06b66f70 Thread added: 0x000001ce06b66f70
Event: 5.569 Thread 0x000001ce06b66f70 Thread exited: 0x000001ce06b66f70
Event: 6.198 Thread 0x000001ce06b66f70 Thread added: 0x000001ce06b66f70
Event: 6.402 Thread 0x000001ce06b66f70 Thread exited: 0x000001ce06b66f70
Event: 7.197 Thread 0x000001ce06887640 Thread added: 0x000001ce06887640
Event: 7.679 Thread 0x000001ce06887640 Thread exited: 0x000001ce06887640
Event: 8.911 Thread 0x000001ce06b644b0 Thread added: 0x000001ce06b644b0
Event: 8.989 Thread 0x000001ce06d3eb30 Thread added: 0x000001ce06d3eb30
Event: 8.990 Thread 0x000001ce068d7ba0 Thread added: 0x000001ce068d7ba0
Event: 9.564 Thread 0x000001ce06b9fc60 Thread added: 0x000001ce06b9fc60
Event: 9.570 Thread 0x000001ce07047eb0 Thread added: 0x000001ce07047eb0
Event: 10.226 Thread 0x000001ce068d7ba0 Thread exited: 0x000001ce068d7ba0
Event: 10.226 Thread 0x000001ce06d3eb30 Thread exited: 0x000001ce06d3eb30
Event: 20.464 Thread 0x000001ce06c8c170 Thread added: 0x000001ce06c8c170
Event: 20.885 Thread 0x000001ce06c8c170 Thread exited: 0x000001ce06c8c170


Dynamic libraries:
0x00007ff778500000 - 0x00007ff77850e000 	c:\Users\lasyr\.cursor\extensions\redhat.java-1.35.1-win32-x64\jre\17.0.12-win32-x86_64\bin\java.exe
0x00007ffe5a6d0000 - 0x00007ffe5a8e7000 	C:\WINDOWS\SYSTEM32\ntdll.dll
0x00007ffe58d10000 - 0x00007ffe58dd4000 	C:\WINDOWS\System32\KERNEL32.DLL
0x00007ffe57f50000 - 0x00007ffe58307000 	C:\WINDOWS\System32\KERNELBASE.dll
0x00007ffe57ab0000 - 0x00007ffe57bc1000 	C:\WINDOWS\System32\ucrtbase.dll
0x00007ffe45670000 - 0x00007ffe4568b000 	c:\Users\lasyr\.cursor\extensions\redhat.java-1.35.1-win32-x64\jre\17.0.12-win32-x86_64\bin\VCRUNTIME140.dll
0x00007ffe45650000 - 0x00007ffe45667000 	c:\Users\lasyr\.cursor\extensions\redhat.java-1.35.1-win32-x64\jre\17.0.12-win32-x86_64\bin\jli.dll
0x00007ffe58400000 - 0x00007ffe585af000 	C:\WINDOWS\System32\USER32.dll
0x00007ffe57a80000 - 0x00007ffe57aa6000 	C:\WINDOWS\System32\win32u.dll
0x00007ffe250a0000 - 0x00007ffe25333000 	C:\WINDOWS\WinSxS\amd64_microsoft.windows.common-controls_6595b64144ccf1df_6.0.22621.3672_none_2713b9d173822955\COMCTL32.dll
0x00007ffe58780000 - 0x00007ffe587a9000 	C:\WINDOWS\System32\GDI32.dll
0x00007ffe586d0000 - 0x00007ffe58777000 	C:\WINDOWS\System32\msvcrt.dll
0x00007ffe57bd0000 - 0x00007ffe57ce8000 	C:\WINDOWS\System32\gdi32full.dll
0x00007ffe579e0000 - 0x00007ffe57a7a000 	C:\WINDOWS\System32\msvcp_win.dll
0x00007ffe59210000 - 0x00007ffe59241000 	C:\WINDOWS\System32\IMM32.DLL
0x00007ffe4ef40000 - 0x00007ffe4ef4c000 	c:\Users\lasyr\.cursor\extensions\redhat.java-1.35.1-win32-x64\jre\17.0.12-win32-x86_64\bin\vcruntime140_1.dll
0x00007ffdef160000 - 0x00007ffdef1ed000 	c:\Users\lasyr\.cursor\extensions\redhat.java-1.35.1-win32-x64\jre\17.0.12-win32-x86_64\bin\msvcp140.dll
0x00007ffde21f0000 - 0x00007ffde2e5a000 	c:\Users\lasyr\.cursor\extensions\redhat.java-1.35.1-win32-x64\jre\17.0.12-win32-x86_64\bin\server\jvm.dll
0x00007ffe59150000 - 0x00007ffe59202000 	C:\WINDOWS\System32\ADVAPI32.dll
0x00007ffe59b90000 - 0x00007ffe59c38000 	C:\WINDOWS\System32\sechost.dll
0x00007ffe583d0000 - 0x00007ffe583f8000 	C:\WINDOWS\System32\bcrypt.dll
0x00007ffe5a520000 - 0x00007ffe5a634000 	C:\WINDOWS\System32\RPCRT4.dll
0x00007ffe58c90000 - 0x00007ffe58d01000 	C:\WINDOWS\System32\WS2_32.dll
0x00007ffe57650000 - 0x00007ffe5769d000 	C:\WINDOWS\SYSTEM32\POWRPROF.dll
0x00007ffe4f9e0000 - 0x00007ffe4fa14000 	C:\WINDOWS\SYSTEM32\WINMM.dll
0x00007ffe53980000 - 0x00007ffe5398a000 	C:\WINDOWS\SYSTEM32\VERSION.dll
0x00007ffe57610000 - 0x00007ffe57623000 	C:\WINDOWS\SYSTEM32\UMPDC.dll
0x00007ffe569f0000 - 0x00007ffe56a08000 	C:\WINDOWS\SYSTEM32\kernel.appcore.dll
0x00007ffe45640000 - 0x00007ffe4564a000 	c:\Users\lasyr\.cursor\extensions\redhat.java-1.35.1-win32-x64\jre\17.0.12-win32-x86_64\bin\jimage.dll
0x00007ffe55460000 - 0x00007ffe55692000 	C:\WINDOWS\SYSTEM32\DBGHELP.DLL
0x00007ffe592f0000 - 0x00007ffe5967e000 	C:\WINDOWS\System32\combase.dll
0x00007ffe585e0000 - 0x00007ffe586b7000 	C:\WINDOWS\System32\OLEAUT32.dll
0x00007ffe48630000 - 0x00007ffe48662000 	C:\WINDOWS\SYSTEM32\dbgcore.DLL
0x00007ffe57ed0000 - 0x00007ffe57f4b000 	C:\WINDOWS\System32\bcryptPrimitives.dll
0x00007ffe26cf0000 - 0x00007ffe26cfe000 	c:\Users\lasyr\.cursor\extensions\redhat.java-1.35.1-win32-x64\jre\17.0.12-win32-x86_64\bin\instrument.dll
0x00007ffe45610000 - 0x00007ffe45635000 	c:\Users\lasyr\.cursor\extensions\redhat.java-1.35.1-win32-x64\jre\17.0.12-win32-x86_64\bin\java.dll
0x00007ffe1f680000 - 0x00007ffe1f698000 	c:\Users\lasyr\.cursor\extensions\redhat.java-1.35.1-win32-x64\jre\17.0.12-win32-x86_64\bin\zip.dll
0x00007ffe59cb0000 - 0x00007ffe5a519000 	C:\WINDOWS\System32\SHELL32.dll
0x00007ffe558d0000 - 0x00007ffe561cf000 	C:\WINDOWS\SYSTEM32\windows.storage.dll
0x00007ffe55790000 - 0x00007ffe558cf000 	C:\WINDOWS\SYSTEM32\wintypes.dll
0x00007ffe58a90000 - 0x00007ffe58b89000 	C:\WINDOWS\System32\SHCORE.dll
0x00007ffe58a30000 - 0x00007ffe58a8e000 	C:\WINDOWS\System32\shlwapi.dll
0x00007ffe57910000 - 0x00007ffe57937000 	C:\WINDOWS\SYSTEM32\profapi.dll
0x00007ffe17960000 - 0x00007ffe17979000 	C:\Users\lasyr\.cursor\extensions\redhat.java-1.35.1-win32-x64\jre\17.0.12-win32-x86_64\bin\net.dll
0x00007ffe50460000 - 0x00007ffe50596000 	C:\WINDOWS\SYSTEM32\WINHTTP.dll
0x00007ffe56e50000 - 0x00007ffe56eb9000 	C:\WINDOWS\system32\mswsock.dll
0x00007ffe17810000 - 0x00007ffe17826000 	C:\Users\lasyr\.cursor\extensions\redhat.java-1.35.1-win32-x64\jre\17.0.12-win32-x86_64\bin\nio.dll
0x00007ffe189d0000 - 0x00007ffe189e0000 	c:\Users\lasyr\.cursor\extensions\redhat.java-1.35.1-win32-x64\jre\17.0.12-win32-x86_64\bin\verify.dll
0x00007ffdf1380000 - 0x00007ffdf13c5000 	C:\Users\lasyr\AppData\Roaming\Cursor\User\globalStorage\redhat.java\1.35.1\config_win\org.eclipse.equinox.launcher\org.eclipse.equinox.launcher.win32.win32.x86_64_1.2.1100.v20240722-2106\eclipse_11904.dll
0x00007ffe58de0000 - 0x00007ffe58f85000 	C:\WINDOWS\System32\ole32.dll

dbghelp: loaded successfully - version: 4.0.5 - missing functions: none
symbol engine: initialized successfully - sym options: 0x614 - pdb path: .;c:\Users\lasyr\.cursor\extensions\redhat.java-1.35.1-win32-x64\jre\17.0.12-win32-x86_64\bin;C:\WINDOWS\SYSTEM32;C:\WINDOWS\WinSxS\amd64_microsoft.windows.common-controls_6595b64144ccf1df_6.0.22621.3672_none_2713b9d173822955;c:\Users\lasyr\.cursor\extensions\redhat.java-1.35.1-win32-x64\jre\17.0.12-win32-x86_64\bin\server;C:\Users\lasyr\AppData\Roaming\Cursor\User\globalStorage\redhat.java\1.35.1\config_win\org.eclipse.equinox.launcher\org.eclipse.equinox.launcher.win32.win32.x86_64_1.2.1100.v20240722-2106

VM Arguments:
jvm_args: --add-modules=ALL-SYSTEM --add-opens=java.base/java.util=ALL-UNNAMED --add-opens=java.base/java.lang=ALL-UNNAMED --add-opens=java.base/sun.nio.fs=ALL-UNNAMED -Declipse.application=org.eclipse.jdt.ls.core.id1 -Dosgi.bundles.defaultStartLevel=4 -Declipse.product=org.eclipse.jdt.ls.core.product -Djava.import.generatesMetadataFilesAtProjectRoot=false -DDetectVMInstallationsJob.disabled=true -Dfile.encoding=utf8 -XX:+UseParallelGC -XX:GCTimeRatio=4 -XX:AdaptiveSizePolicyWeight=90 -Dsun.zip.disableMemoryMapping=true -Xmx1G -Xms100m -Xlog:disable -javaagent:c:\Users\lasyr\.cursor\extensions\redhat.java-1.35.1-win32-x64\lombok\lombok-1.18.33.jar -XX:+HeapDumpOnOutOfMemoryError -XX:HeapDumpPath=c:\Users\lasyr\AppData\Roaming\Cursor\User\workspaceStorage\857a707668278d7788bbc614e6f4f661\redhat.java -Daether.dependencyCollector.impl=bf 
java_command: c:\Users\lasyr\.cursor\extensions\redhat.java-1.35.1-win32-x64\server\plugins\org.eclipse.equinox.launcher_1.6.900.v20240613-2009.jar -configuration c:\Users\lasyr\AppData\Roaming\Cursor\User\globalStorage\redhat.java\1.35.1\config_win -data c:\Users\lasyr\AppData\Roaming\Cursor\User\workspaceStorage\857a707668278d7788bbc614e6f4f661\redhat.java\jdt_ws --pipe=\\.\pipe\lsp-046da44036c262e4c4968c787ea02bf1-sock
java_class_path (initial): c:\Users\lasyr\.cursor\extensions\redhat.java-1.35.1-win32-x64\server\plugins\org.eclipse.equinox.launcher_1.6.900.v20240613-2009.jar
Launcher Type: SUN_STANDARD

[Global flags]
    uintx AdaptiveSizePolicyWeight                 = 90                                        {product} {command line}
     intx CICompilerCount                          = 4                                         {product} {ergonomic}
    uintx GCTimeRatio                              = 4                                         {product} {command line}
     bool HeapDumpOnOutOfMemoryError               = true                                   {manageable} {command line}
    ccstr HeapDumpPath                             = c:\Users\lasyr\AppData\Roaming\Cursor\User\workspaceStorage\857a707668278d7788bbc614e6f4f661\redhat.java         {manageable} {command line}
   size_t InitialHeapSize                          = 104857600                                 {product} {command line}
   size_t MaxHeapSize                              = 1073741824                                {product} {command line}
   size_t MaxNewSize                               = 357564416                                 {product} {ergonomic}
   size_t MinHeapDeltaBytes                        = 524288                                    {product} {ergonomic}
   size_t MinHeapSize                              = 104857600                                 {product} {command line}
   size_t NewSize                                  = 34603008                                  {product} {ergonomic}
    uintx NonNMethodCodeHeapSize                   = 5839372                                {pd product} {ergonomic}
    uintx NonProfiledCodeHeapSize                  = 122909434                              {pd product} {ergonomic}
   size_t OldSize                                  = 70254592                                  {product} {ergonomic}
    uintx ProfiledCodeHeapSize                     = 122909434                              {pd product} {ergonomic}
    uintx ReservedCodeCacheSize                    = 251658240                              {pd product} {ergonomic}
     bool SegmentedCodeCache                       = true                                      {product} {ergonomic}
   size_t SoftMaxHeapSize                          = 1073741824                             {manageable} {ergonomic}
     bool UseCompressedClassPointers               = true                           {product lp64_product} {ergonomic}
     bool UseCompressedOops                        = true                           {product lp64_product} {ergonomic}
     bool UseLargePagesIndividualAllocation        = false                                  {pd product} {ergonomic}
     bool UseParallelGC                            = true                                      {product} {command line}

Logging:
Log output configuration:
 #0: stdout all=off uptime,level,tags
 #1: stderr all=off uptime,level,tags

Environment Variables:
JAVA_HOME=C:\Program Files\Java\jdk-23
PATH=C:\Program Files\Common Files\Oracle\Java\javapath;C:\Program Files\Eclipse Adoptium\jdk-21.0.4.7-hotspot\bin;c:\Users\lasyr\AppData\Local\Programs\cursor\resources\app\bin;C:\windows\system32;C:\windows;C:\windows\System32\Wbem;C:\windows\System32\WindowsPowerShell\v1.0\;C:\windows\System32\OpenSSH\;C:\Program Files (x86)\NVIDIA Corporation\PhysX\Common;C:\Program Files\NVIDIA Corporation\NVIDIA NvDLISR;C:\WINDOWS\system32;C:\WINDOWS;C:\WINDOWS\System32\Wbem;C:\WINDOWS\System32\WindowsPowerShell\v1.0\;C:\WINDOWS\System32\OpenSSH\;C:\Program Files\Intel\WiFi\bin\;C:\Program Files\Common Files\Intel\WirelessCommon\;C:\Program Files\LLVM\bin;C:\MinGW\bin;C:\xampp\php;C:\Program Files (x86)\Windows Kits\8.1\Windows Performance Toolkit\;C:\composer;C:\Program Files\dotnet\;C:\Program Files\Git\cmd;C:\Program Files\Microsoft SQL Server\150\Tools\Binn\;C:\Program Files\Calibre2\;C:\Program Files\Microsoft SQL Server\Client SDK\ODBC\170\Tools\Binn\;C:\WINDOWS\system32;C:\WINDOWS;C:\WINDOWS\System32\Wbem;C:\WINDOWS\System32\WindowsPowerShell\v1.0\;C:\WINDOWS\System32\OpenSSH;c:\Users\lasyr\AppData\Local\Programs\cursor\resources\app\bin;C:\Program Files\HP\HP One Agent;C:\Program Files\Java\jdk-23\bin;C:\Users\lasyr\AppData\Local\Programs\Python\Python37-32\Scripts\;C:\Users\lasyr\AppData\Local\Programs\Python\Python37-32\;C:\Users\lasyr\AppData\Local\Microsoft\WindowsApps;C:\Users\lasyr\AppData\Local\Programs\Microsoft VS Code\bin;C:\MinGW\bin;C:\Users\lasyr\AppData\Roaming\Composer\vendor\bin;C:\Users\lasyr\.dotnet\tools;C:\Program Files\JetBrains\IntelliJ IDEA Community Edition 2021.1.1\bin;;C:\flutter\bin;C:\Users\lasyr\AppData\Local\GitHubDesktop\bin
USERNAME=lasyr
OS=Windows_NT
PROCESSOR_IDENTIFIER=Intel64 Family 6 Model 158 Stepping 10, GenuineIntel
TMP=C:\Users\lasyr\AppData\Local\Temp
TEMP=C:\Users\lasyr\AppData\Local\Temp



Periodic native trim disabled


---------------  S Y S T E M  ---------------

OS:
 Windows 11 , 64 bit Build 22621 (10.0.22621.3958)
OS uptime: 0 days 1:36 hours
Hyper-V role detected

CPU: total 12 (initial active 12) (6 cores per cpu, 2 threads per core) family 6 model 158 stepping 10 microcode 0xde, cx8, cmov, fxsr, ht, mmx, 3dnowpref, sse, sse2, sse3, ssse3, sse4.1, sse4.2, popcnt, lzcnt, tsc, tscinvbit, avx, avx2, aes, erms, clmul, bmi1, bmi2, adx, fma, vzeroupper, clflush, clflushopt, hv
Processor Information for all 12 processors :
  Max Mhz: 2592, Current Mhz: 2592, Mhz Limit: 2592

Memory: 4k page, system-wide physical 16190M (792M free)
TotalPageFile size 20190M (AvailPageFile size 125M)
current process WorkingSet (physical memory assigned to process): 90M, peak: 90M
current process commit charge ("private bytes"): 212M, peak: 217M

vm_info: OpenJDK 64-Bit Server VM (17.0.12+7) for windows-amd64 JRE (17.0.12+7), built on Jul 16 2024 22:08:24 by "admin" with MS VC++ 16.10 / 16.11 (VS2019)

END.
